2026-03-29 10:42:42.071 INFO  [main] menu.MenuManager - The application has started
2026-03-29 10:43:11.622 INFO  [main] menu.MenuManager - The application has started
2026-03-29 10:43:20.200 INFO  [main] input.CheckWriting - The number was written correct: 2
2026-03-29 10:43:20.200 INFO  [main] menu.MenuManager - The operation was selected: READ
2026-03-29 10:43:25.647 WARN  [main] input.CheckWriting - The number was written incorrect, the number should be made up of digits only: id
2026-03-29 10:43:41.286 INFO  [main] input.CheckWriting - The number was written correct: 1
2026-03-29 10:43:41.326 INFO  [main] org.hibernate.orm.core - HHH000001: Hibernate ORM core version 8.0.0.Alpha1
2026-03-29 10:43:41.643 WARN  [main] org.hibernate.orm.connections.pooling - HHH10001002: Using built-in connection pool (not intended for production use)
2026-03-29 10:43:41.961 WARN  [main] org.hibernate.orm.deprecation - HHH90000025: PostgreSQLDialect does not need to be specified explicitly using 'hibernate.dialect' (remove the property setting and it will be selected by default)
2026-03-29 10:43:41.974 INFO  [main] org.hibernate.orm.connections.pooling - HHH10001005: Database info:
	Database JDBC URL [jdbc:postgresql://localhost:5432/postgres]
	Database driver: PostgreSQL JDBC Driver
	Database dialect: PostgreSQLDialect
	Database version: 16.1
	Default catalog/schema: postgres/public
	Autocommit mode: false
	Isolation level: READ_COMMITTED
	JDBC fetch size: none
	Pool: DriverManagerConnectionProvider
	Minimum pool size: 1
	Maximum pool size: 20
2026-03-29 10:43:42.625 INFO  [main] org.hibernate.orm.core - HHH000489: No JTA platform available (set 'hibernate.transaction.jta.platform' to enable JTA platform integration)
2026-03-29 10:43:42.632 INFO  [main] utils.HibernateUtil - Hibernate SessionFactory created successfully
2026-03-29 10:43:42.687 DEBUG [main] org.hibernate.SQL - select u1_0.id,u1_0.age,u1_0.created_at,u1_0.email,u1_0.name,u1_0.updated_at from users u1_0 where u1_0.id=?
2026-03-29 10:43:42.709 INFO  [main] dao.UserDAO - User found with ID: 1
2026-03-29 10:43:42.712 INFO  [main] menu.MenuManager - The operation was proceed: READ
2026-03-29 10:45:21.943 INFO  [main] input.CheckWriting - The number was written correct: 3
2026-03-29 10:45:21.944 INFO  [main] menu.MenuManager - The operation was selected: READ_ALL
2026-03-29 10:45:22.126 DEBUG [main] org.hibernate.SQL - select u1_0.id,u1_0.age,u1_0.created_at,u1_0.email,u1_0.name,u1_0.updated_at from users u1_0
2026-03-29 10:45:22.128 INFO  [main] dao.UserDAO - Users found: 8 users
2026-03-29 10:45:22.129 INFO  [main] menu.MenuManager - The operation was proceed: READ_ALL
2026-03-29 10:45:32.855 INFO  [main] input.CheckWriting - The number was written correct: 6
2026-03-29 10:45:32.855 INFO  [main] menu.MenuManager - The operation was selected: EXIT
2026-03-29 10:45:32.855 WARN  [main] menu.MenuManager - The exit from the program was selected
2026-03-29 10:59:11.247 INFO  [main] menu.MenuManager - The application has started
2026-03-29 10:59:29.975 INFO  [main] input.CheckWriting - The number was written correct: 3
2026-03-29 10:59:29.975 INFO  [main] menu.MenuManager - The operation was selected: READ_ALL
2026-03-29 10:59:30.016 INFO  [main] org.hibernate.orm.core - HHH000001: Hibernate ORM core version 8.0.0.Alpha1
2026-03-29 10:59:30.338 WARN  [main] org.hibernate.orm.connections.pooling - HHH10001002: Using built-in connection pool (not intended for production use)
2026-03-29 10:59:30.559 WARN  [main] org.hibernate.orm.deprecation - HHH90000025: PostgreSQLDialect does not need to be specified explicitly using 'hibernate.dialect' (remove the property setting and it will be selected by default)
2026-03-29 10:59:30.573 INFO  [main] org.hibernate.orm.connections.pooling - HHH10001005: Database info:
	Database JDBC URL [jdbc:postgresql://localhost:5432/postgres]
	Database driver: PostgreSQL JDBC Driver
	Database dialect: PostgreSQLDialect
	Database version: 16.1
	Default catalog/schema: postgres/public
	Autocommit mode: false
	Isolation level: READ_COMMITTED
	JDBC fetch size: none
	Pool: DriverManagerConnectionProvider
	Minimum pool size: 1
	Maximum pool size: 20
2026-03-29 10:59:31.183 INFO  [main] org.hibernate.orm.core - HHH000489: No JTA platform available (set 'hibernate.transaction.jta.platform' to enable JTA platform integration)
2026-03-29 10:59:31.189 INFO  [main] utils.HibernateUtil - Hibernate SessionFactory created successfully
2026-03-29 10:59:31.419 DEBUG [main] org.hibernate.SQL - select u1_0.id,u1_0.age,u1_0.created_at,u1_0.email,u1_0.name,u1_0.updated_at from users u1_0
2026-03-29 10:59:31.437 INFO  [main] dao.UserDAO - Users found: 8 users
2026-03-29 10:59:31.440 INFO  [main] menu.MenuManager - The operation was proceed: READ_ALL
2026-03-29 10:59:45.509 INFO  [main] input.CheckWriting - The number was written correct: 1
2026-03-29 10:59:45.509 INFO  [main] menu.MenuManager - The operation was selected: CREATE
2026-03-29 10:59:56.516 INFO  [main] input.CheckWriting - The number was written correct: Tom
2026-03-29 11:00:20.309 INFO  [main] input.CheckWriting - The number was written correct: tom@gmail.com
2026-03-29 11:00:20.310 INFO  [main] input.CheckWriting - The email was written correct: tom@gmail.com
2026-03-29 11:00:26.189 INFO  [main] input.CheckWriting - The number was written correct: 19
2026-03-29 11:00:26.202 DEBUG [main] org.hibernate.SQL - insert into users (age,created_at,email,name,updated_at) values (?,?,?,?,?)
2026-03-29 11:00:26.213 INFO  [main] dao.UserDAO - User saved successfully with ID: 9
2026-03-29 11:00:26.213 INFO  [main] menu.MenuManager - The operation was proceed: CREATE
2026-03-29 11:00:46.668 INFO  [main] input.CheckWriting - The number was written correct: 2
2026-03-29 11:00:46.669 INFO  [main] menu.MenuManager - The operation was selected: READ
2026-03-29 11:00:49.525 INFO  [main] input.CheckWriting - The number was written correct: 9
2026-03-29 11:00:49.531 DEBUG [main] org.hibernate.SQL - select u1_0.id,u1_0.age,u1_0.created_at,u1_0.email,u1_0.name,u1_0.updated_at from users u1_0 where u1_0.id=?
2026-03-29 11:00:49.532 INFO  [main] dao.UserDAO - User found with ID: 9
2026-03-29 11:00:49.532 INFO  [main] menu.MenuManager - The operation was proceed: READ
2026-03-29 11:01:07.341 INFO  [main] input.CheckWriting - The number was written correct: 4
2026-03-29 11:01:07.342 INFO  [main] menu.MenuManager - The operation was selected: UPDATE
2026-03-29 11:01:13.237 INFO  [main] input.CheckWriting - The number was written correct: 9
2026-03-29 11:01:13.237 DEBUG [main] org.hibernate.SQL - select u1_0.id,u1_0.age,u1_0.created_at,u1_0.email,u1_0.name,u1_0.updated_at from users u1_0 where u1_0.id=?
2026-03-29 11:01:13.239 INFO  [main] dao.UserDAO - User found with ID: 9
2026-03-29 11:01:17.628 INFO  [main] input.CheckWriting - The number was written correct: 1
2026-03-29 11:01:26.893 INFO  [main] input.CheckWriting - The number was written correct: Jhon
2026-03-29 11:01:26.895 DEBUG [main] org.hibernate.SQL - select u1_0.id,u1_0.age,u1_0.created_at,u1_0.email,u1_0.name,u1_0.updated_at from users u1_0 where u1_0.id=?
2026-03-29 11:01:26.900 DEBUG [main] org.hibernate.SQL - update users set age=?,email=?,name=?,updated_at=? where id=?
2026-03-29 11:01:26.904 INFO  [main] dao.UserDAO - User updated successfully with ID: 9
2026-03-29 11:01:26.904 INFO  [main] menu.MenuManager - The operation was proceed: UPDATE
2026-03-29 11:02:39.501 INFO  [main] input.CheckWriting - The number was written correct: 5
2026-03-29 11:02:39.502 INFO  [main] menu.MenuManager - The operation was selected: DELETE
2026-03-29 11:02:46.877 INFO  [main] input.CheckWriting - The number was written correct: 25
2026-03-29 11:02:46.877 DEBUG [main] org.hibernate.SQL - select u1_0.id,u1_0.age,u1_0.created_at,u1_0.email,u1_0.name,u1_0.updated_at from users u1_0 where u1_0.id=?
2026-03-29 11:04:08.756 INFO  [main] menu.MenuManager - The application has started
2026-03-29 11:04:11.590 INFO  [main] input.CheckWriting - The number was written correct: 5
2026-03-29 11:04:11.590 INFO  [main] menu.MenuManager - The operation was selected: DELETE
2026-03-29 11:04:12.837 INFO  [main] input.CheckWriting - The number was written correct: 25
2026-03-29 11:04:12.877 INFO  [main] org.hibernate.orm.core - HHH000001: Hibernate ORM core version 8.0.0.Alpha1
2026-03-29 11:04:13.193 WARN  [main] org.hibernate.orm.connections.pooling - HHH10001002: Using built-in connection pool (not intended for production use)
2026-03-29 11:04:13.602 WARN  [main] org.hibernate.orm.deprecation - HHH90000025: PostgreSQLDialect does not need to be specified explicitly using 'hibernate.dialect' (remove the property setting and it will be selected by default)
2026-03-29 11:04:13.615 INFO  [main] org.hibernate.orm.connections.pooling - HHH10001005: Database info:
	Database JDBC URL [jdbc:postgresql://localhost:5432/postgres]
	Database driver: PostgreSQL JDBC Driver
	Database dialect: PostgreSQLDialect
	Database version: 16.1
	Default catalog/schema: postgres/public
	Autocommit mode: false
	Isolation level: READ_COMMITTED
	JDBC fetch size: none
	Pool: DriverManagerConnectionProvider
	Minimum pool size: 1
	Maximum pool size: 20
2026-03-29 11:04:14.250 INFO  [main] org.hibernate.orm.core - HHH000489: No JTA platform available (set 'hibernate.transaction.jta.platform' to enable JTA platform integration)
2026-03-29 11:04:14.256 INFO  [main] utils.HibernateUtil - Hibernate SessionFactory created successfully
2026-03-29 11:04:14.304 DEBUG [main] org.hibernate.SQL - select u1_0.id,u1_0.age,u1_0.created_at,u1_0.email,u1_0.name,u1_0.updated_at from users u1_0 where u1_0.id=?
2026-03-29 11:04:14.318 ERROR [main] dao.UserDAO - Error deleting user: No entity of type `models.User` existed for key `25`
2026-03-29 11:04:14.318 INFO  [main] menu.MenuManager - The operation was proceed: DELETE
2026-03-29 11:04:33.517 INFO  [main] input.CheckWriting - The number was written correct: 4
2026-03-29 11:04:33.517 INFO  [main] menu.MenuManager - The operation was selected: UPDATE
2026-03-29 11:04:35.309 INFO  [main] input.CheckWriting - The number was written correct: 25
2026-03-29 11:04:35.309 DEBUG [main] org.hibernate.SQL - select u1_0.id,u1_0.age,u1_0.created_at,u1_0.email,u1_0.name,u1_0.updated_at from users u1_0 where u1_0.id=?
2026-03-29 11:04:35.311 ERROR [main] dao.UserDAO - Error finding user by ID 25: No entity of type `models.User` existed for key `25`
2026-03-29 11:04:35.311 INFO  [main] menu.MenuManager - The operation was proceed: UPDATE
2026-03-29 11:05:20.228 INFO  [main] input.CheckWriting - The number was written correct: 1
2026-03-29 11:05:20.230 INFO  [main] menu.MenuManager - The operation was selected: CREATE
2026-03-29 11:05:22.060 WARN  [main] input.CheckWriting - The word was written incorrect, the word should not be empty: name
2026-03-29 11:05:36.221 INFO  [main] input.CheckWriting - The number was written correct: Tom
2026-03-29 11:05:44.677 INFO  [main] input.CheckWriting - The number was written correct: kgkg
2026-03-29 11:05:44.677 WARN  [main] input.CheckWriting - The word was written incorrect, the email should be empty like ***@***.***, but was: kgkg
2026-03-29 11:05:55.325 INFO  [main] input.CheckWriting - The number was written correct: tt@ya.ru
2026-03-29 11:05:55.325 INFO  [main] input.CheckWriting - The email was written correct: tt@ya.ru
2026-03-29 11:05:59.540 WARN  [main] input.CheckWriting - The number was written incorrect, the number not in range required: age
2026-03-29 11:06:05.508 WARN  [main] input.CheckWriting - The number was written incorrect, the number not in range required: age
2026-03-29 11:06:10.540 INFO  [main] input.CheckWriting - The number was written correct: 42
2026-03-29 11:06:10.552 DEBUG [main] org.hibernate.SQL - insert into users (age,created_at,email,name,updated_at) values (?,?,?,?,?)
2026-03-29 11:06:10.565 INFO  [main] dao.UserDAO - User saved successfully with ID: 10
2026-03-29 11:06:10.567 INFO  [main] menu.MenuManager - The operation was proceed: CREATE
2026-03-29 11:06:16.860 WARN  [main] input.CheckWriting - The number was written incorrect, the number should be made up of digits only: operation
2026-03-29 11:06:22.172 WARN  [main] input.CheckWriting - The number was written incorrect, the number not in range required: operation
2026-03-29 11:06:38.740 INFO  [main] input.CheckWriting - The number was written correct: 3
2026-03-29 11:06:38.741 INFO  [main] menu.MenuManager - The operation was selected: READ_ALL
2026-03-29 11:06:38.924 DEBUG [main] org.hibernate.SQL - select u1_0.id,u1_0.age,u1_0.created_at,u1_0.email,u1_0.name,u1_0.updated_at from users u1_0
2026-03-29 11:06:38.927 INFO  [main] dao.UserDAO - Users found: 10 users
2026-03-29 11:06:38.928 INFO  [main] menu.MenuManager - The operation was proceed: READ_ALL
2026-03-29 11:06:45.053 INFO  [main] input.CheckWriting - The number was written correct: 5
2026-03-29 11:06:45.053 INFO  [main] menu.MenuManager - The operation was selected: DELETE
2026-03-29 11:06:46.693 INFO  [main] input.CheckWriting - The number was written correct: 10
2026-03-29 11:06:46.693 DEBUG [main] org.hibernate.SQL - select u1_0.id,u1_0.age,u1_0.created_at,u1_0.email,u1_0.name,u1_0.updated_at from users u1_0 where u1_0.id=?
2026-03-29 11:06:46.698 DEBUG [main] org.hibernate.SQL - delete from users where id=?
2026-03-29 11:06:46.700 INFO  [main] dao.UserDAO - User deleted successfully with ID: 10
2026-03-29 11:06:46.700 INFO  [main] menu.MenuManager - The operation was proceed: DELETE
2026-03-29 11:06:52.141 INFO  [main] input.CheckWriting - The number was written correct: 3
2026-03-29 11:06:52.141 INFO  [main] menu.MenuManager - The operation was selected: READ_ALL
2026-03-29 11:06:52.142 DEBUG [main] org.hibernate.SQL - select u1_0.id,u1_0.age,u1_0.created_at,u1_0.email,u1_0.name,u1_0.updated_at from users u1_0
2026-03-29 11:06:52.145 INFO  [main] dao.UserDAO - Users found: 9 users
2026-03-29 11:06:52.145 INFO  [main] menu.MenuManager - The operation was proceed: READ_ALL
2026-03-29 11:07:27.084 INFO  [main] input.CheckWriting - The number was written correct: 5
2026-03-29 11:07:27.085 INFO  [main] menu.MenuManager - The operation was selected: DELETE
2026-03-29 11:07:28.853 INFO  [main] input.CheckWriting - The number was written correct: 8
2026-03-29 11:07:28.853 DEBUG [main] org.hibernate.SQL - select u1_0.id,u1_0.age,u1_0.created_at,u1_0.email,u1_0.name,u1_0.updated_at from users u1_0 where u1_0.id=?
2026-03-29 11:07:28.855 DEBUG [main] org.hibernate.SQL - delete from users where id=?
2026-03-29 11:07:28.856 INFO  [main] dao.UserDAO - User deleted successfully with ID: 8
2026-03-29 11:07:28.856 INFO  [main] menu.MenuManager - The operation was proceed: DELETE
2026-03-29 11:07:31.157 INFO  [main] input.CheckWriting - The number was written correct: 1
2026-03-29 11:07:31.157 INFO  [main] menu.MenuManager - The operation was selected: CREATE
2026-03-29 11:07:35.675 INFO  [main] input.CheckWriting - The number was written correct: Kelly
2026-03-29 11:07:43.732 INFO  [main] input.CheckWriting - The number was written correct: kk@mail.com
2026-03-29 11:07:43.732 INFO  [main] input.CheckWriting - The email was written correct: kk@mail.com
2026-03-29 11:07:46.748 INFO  [main] input.CheckWriting - The number was written correct: 26
2026-03-29 11:07:46.748 DEBUG [main] org.hibernate.SQL - insert into users (age,created_at,email,name,updated_at) values (?,?,?,?,?)
2026-03-29 11:07:46.750 INFO  [main] dao.UserDAO - User saved successfully with ID: 11
2026-03-29 11:07:46.750 INFO  [main] menu.MenuManager - The operation was proceed: CREATE
2026-03-29 11:07:48.413 INFO  [main] input.CheckWriting - The number was written correct: 3
2026-03-29 11:07:48.413 INFO  [main] menu.MenuManager - The operation was selected: READ_ALL
2026-03-29 11:07:48.413 DEBUG [main] org.hibernate.SQL - select u1_0.id,u1_0.age,u1_0.created_at,u1_0.email,u1_0.name,u1_0.updated_at from users u1_0
2026-03-29 11:07:48.416 INFO  [main] dao.UserDAO - Users found: 9 users
2026-03-29 11:07:48.416 INFO  [main] menu.MenuManager - The operation was proceed: READ_ALL
2026-03-29 11:08:04.707 INFO  [main] input.CheckWriting - The number was written correct: 6
2026-03-29 11:08:04.708 INFO  [main] menu.MenuManager - The operation was selected: EXIT
2026-03-29 11:08:04.708 INFO  [main] menu.MenuManager - The exit from the program was selected
2026-03-29 15:00:01.143 INFO  [main] menu.MenuManager - The application has started
2026-03-29 15:00:11.106 INFO  [main] input.CheckWriting - The number was written correct: 3
2026-03-29 15:00:11.106 INFO  [main] menu.MenuManager - The operation was selected: READ_ALL
2026-03-29 15:00:11.147 INFO  [main] org.hibernate.orm.core - HHH000001: Hibernate ORM core version 8.0.0.Alpha1
2026-03-29 15:00:11.467 WARN  [main] org.hibernate.orm.connections.pooling - HHH10001002: Using built-in connection pool (not intended for production use)
2026-03-29 15:00:11.674 WARN  [main] org.hibernate.orm.deprecation - HHH90000025: PostgreSQLDialect does not need to be specified explicitly using 'hibernate.dialect' (remove the property setting and it will be selected by default)
2026-03-29 15:00:11.690 INFO  [main] org.hibernate.orm.connections.pooling - HHH10001005: Database info:
	Database JDBC URL [jdbc:postgresql://localhost:5432/postgres]
	Database driver: PostgreSQL JDBC Driver
	Database dialect: PostgreSQLDialect
	Database version: 16.1
	Default catalog/schema: postgres/public
	Autocommit mode: false
	Isolation level: READ_COMMITTED
	JDBC fetch size: none
	Pool: DriverManagerConnectionProvider
	Minimum pool size: 1
	Maximum pool size: 20
2026-03-29 15:00:12.322 INFO  [main] org.hibernate.orm.core - HHH000489: No JTA platform available (set 'hibernate.transaction.jta.platform' to enable JTA platform integration)
2026-03-29 15:00:12.328 INFO  [main] utils.HibernateUtil - Hibernate SessionFactory created successfully
2026-03-29 15:00:12.559 DEBUG [main] org.hibernate.SQL - select u1_0.id,u1_0.age,u1_0.created_at,u1_0.email,u1_0.name,u1_0.updated_at from users u1_0
2026-03-29 15:00:12.577 INFO  [main] dao.UserDAO - Users found: 9 users
2026-03-29 15:00:12.580 INFO  [main] menu.MenuManager - The operation was proceed: READ_ALL
2026-03-29 15:00:15.608 INFO  [main] input.CheckWriting - The number was written correct: 2
2026-03-29 15:00:15.609 INFO  [main] menu.MenuManager - The operation was selected: READ
2026-03-29 15:00:16.864 INFO  [main] input.CheckWriting - The number was written correct: 10
2026-03-29 15:00:16.872 DEBUG [main] org.hibernate.SQL - select u1_0.id,u1_0.age,u1_0.created_at,u1_0.email,u1_0.name,u1_0.updated_at from users u1_0 where u1_0.id=?
2026-03-29 15:00:16.873 ERROR [main] dao.UserDAO - Error finding user by ID 10: No entity of type `models.User` existed for key `10`
2026-03-29 15:00:16.873 INFO  [main] menu.MenuManager - The operation was proceed: READ
2026-03-29 15:00:21.632 INFO  [main] input.CheckWriting - The number was written correct: 6
2026-03-29 15:00:21.633 INFO  [main] menu.MenuManager - The operation was selected: EXIT
2026-03-29 15:00:21.633 INFO  [main] menu.MenuManager - The exit from the program was selected
